<?xml version="1.0" encoding="UTF-8"?>
<!-- Generated by org.testng.reporters.JUnitReportReporter -->
<testsuite hostname="DESKTOP-P9EUHI9" failures="0" tests="1" name="Day1.HttpReq" time="2.962" errors="0" timestamp="2025-09-29T22:08:44 IST" skipped="0">
  <testcase classname="Day1.HttpReq" name="getUsers" time="2.962"/>
  <system-out/>
</testsuite> <!-- Day1.HttpReq -->
