<?xml version="1.0" encoding="UTF-8"?>
<!-- Generated by org.testng.reporters.JUnitReportReporter -->
<testsuite hostname="DESKTOP-P9EUHI9" failures="0" tests="2" name="Day1.HttpReq" time="3.964" errors="0" timestamp="2025-09-29T20:58:39 IST" skipped="0">
  <testcase classname="Day1.HttpReq" name="getUsers" time="0.677"/>
  <testcase classname="Day1.HttpReq" name="createUser" time="3.287"/>
</testsuite> <!-- Day1.HttpReq -->
