<?xml version="1.0" encoding="UTF-8"?>
<!-- Generated by org.testng.reporters.JUnitReportReporter -->
<testsuite hostname="DESKTOP-P9EUHI9" failures="0" tests="2" name="Day1.HttpReq" time="4.580" errors="0" timestamp="2025-09-29T21:25:44 IST" skipped="0">
  <testcase classname="Day1.HttpReq" name="createUser" time="3.694"/>
  <testcase classname="Day1.HttpReq" name="getUsers" time="0.886"/>
</testsuite> <!-- Day1.HttpReq -->
