<?xml version="1.0" encoding="UTF-8"?>
<!-- Generated by org.testng.reporters.JUnitReportReporter -->
<testsuite hostname="DESKTOP-P9EUHI9" failures="0" tests="2" name="Day1.HttpReq" time="3.920" errors="0" timestamp="2025-06-01T20:02:33 IST" skipped="0">
  <testcase classname="Day1.HttpReq" name="createUser" time="3.042"/>
  <testcase classname="Day1.HttpReq" name="getUsers" time="0.878"/>
</testsuite> <!-- Day1.HttpReq -->
